<?xml version="1.0" encoding="UTF-8"?>
<!-- Generated by org.testng.reporters.JUnitReportReporter -->
<testsuite skipped="0" hostname="DESKTOP-A4ISSNR" name="com.qa.hubspot.tests.HomePageTest" tests="2" failures="0" timestamp="2019-11-05T11:19:53 PST" time="0.128" errors="0">
  <testcase name="verifyHomePageHeaderTest" time="0.119" classname="com.qa.hubspot.tests.HomePageTest"/>
  <testcase name="verifyHomePageTitleTest" time="0.009" classname="com.qa.hubspot.tests.HomePageTest"/>
</testsuite> <!-- com.qa.hubspot.tests.HomePageTest -->
