<?xml version="1.0" encoding="UTF-8"?>
<!-- Generated by org.testng.reporters.JUnitReportReporter -->
<testsuite skipped="0" hostname="DESKTOP-A4ISSNR" name="com.qa.hubspot.tests.LoginPageTest" tests="3" failures="0" timestamp="2019-11-05T09:38:45 PST" time="30.797" errors="0">
  <testcase name="verifyLoginPageTitleTest" time="10.620" classname="com.qa.hubspot.tests.LoginPageTest"/>
  <testcase name="verifySignUpLinkTest" time="10.004" classname="com.qa.hubspot.tests.LoginPageTest"/>
  <testcase name="doLoginTest" time="10.173" classname="com.qa.hubspot.tests.LoginPageTest"/>
</testsuite> <!-- com.qa.hubspot.tests.LoginPageTest -->
